# JRE version: Java(TM) SE Runtime Environment (8.0_211-b12) (build 1.8.0_211-b12)
# Java VM: Java HotSpot(TM) 64-Bit Server VM (25.211-b12 mixed mode windows-amd64 compressed oops)
Heap:
 PSYoungGen      total 75776K, used 56881K [0x000000076b980000, 0x0000000774d80000, 0x00000007c0000000)
  eden space 65024K, 72% used [0x000000076b980000,0x000000076e7c3ed0,0x000000076f900000)
  from space 10752K, 88% used [0x0000000770380000,0x0000000770cc86a0,0x0000000770e00000)
  to   space 10752K, 0% used [0x000000076f900000,0x000000076f900000,0x0000000770380000)
 ParOldGen       total 173568K, used 88K [0x00000006c2c00000, 0x00000006cd580000, 0x000000076b980000)
  object space 173568K, 0% used [0x00000006c2c00000,0x00000006c2c16010,0x00000006cd580000)
 Metaspace       used 17977K, capacity 18372K, committed 18560K, reserved 1064960K
  class space    used 2239K, capacity 2351K, committed 2432K, reserved 1048576K
GC Heap History (4 events):
Event: 1.006 GC heap before
{Heap before GC invocations=1 (full 0):
 PSYoungGen      total 75776K, used 65024K [0x000000076b980000, 0x0000000770e00000, 0x00000007c0000000)
  eden space 65024K, 100% used [0x000000076b980000,0x000000076f900000,0x000000076f900000)
  from space 10752K, 0% used [0x0000000770380000,0x0000000770380000,0x0000000770e00000)
  to   space 10752K, 0% used [0x000000076f900000,0x000000076f900000,0x0000000770380000)
 ParOldGen       total 173568K, used 0K [0x00000006c2c00000, 0x00000006cd580000, 0x000000076b980000)
  object space 173568K, 0% used [0x00000006c2c00000,0x00000006c2c00000,0x00000006cd580000)
 Metaspace       used 13013K, capacity 13208K, committed 13568K, reserved 1060864K
  class space    used 1599K, capacity 1674K, committed 1792K, reserved 1048576K
Event: 1.011 GC heap after
Heap after GC invocations=1 (full 0):
 PSYoungGen      total 75776K, used 6459K [0x000000076b980000, 0x0000000770e00000, 0x00000007c0000000)
  eden space 65024K, 0% used [0x000000076b980000,0x000000076b980000,0x000000076f900000)
  from space 10752K, 60% used [0x000000076f900000,0x000000076ff4ec68,0x0000000770380000)
  to   space 10752K, 0% used [0x0000000770380000,0x0000000770380000,0x0000000770e00000)
 ParOldGen       total 173568K, used 80K [0x00000006c2c00000, 0x00000006cd580000, 0x000000076b980000)
  object space 173568K, 0% used [0x00000006c2c00000,0x00000006c2c14010,0x00000006cd580000)
 Metaspace       used 13013K, capacity 13208K, committed 13568K, reserved 1060864K
  class space    used 1599K, capacity 1674K, committed 1792K, reserved 1048576K
}
Event: 1.217 GC heap before
{Heap before GC invocations=2 (full 0):
 PSYoungGen      total 75776K, used 71478K [0x000000076b980000, 0x0000000770e00000, 0x00000007c0000000)
  eden space 65024K, 99% used [0x000000076b980000,0x000000076f8feca0,0x000000076f900000)
  from space 10752K, 60% used [0x000000076f900000,0x000000076ff4ec68,0x0000000770380000)
  to   space 10752K, 0% used [0x0000000770380000,0x0000000770380000,0x0000000770e00000)
 ParOldGen       total 173568K, used 80K [0x00000006c2c00000, 0x00000006cd580000, 0x000000076b980000)
  object space 173568K, 0% used [0x00000006c2c00000,0x00000006c2c14010,0x00000006cd580000)
 Metaspace       used 14969K, capacity 15160K, committed 15232K, reserved 1062912K
  class space    used 1838K, capacity 1902K, committed 1920K, reserved 1048576K
Event: 1.227 GC heap after
Heap after GC invocations=2 (full 0):
 PSYoungGen      total 75776K, used 9505K [0x000000076b980000, 0x0000000774d80000, 0x00000007c0000000)
  eden space 65024K, 0% used [0x000000076b980000,0x000000076b980000,0x000000076f900000)
  from space 10752K, 88% used [0x0000000770380000,0x0000000770cc86a0,0x0000000770e00000)
  to   space 10752K, 0% used [0x000000076f900000,0x000000076f900000,0x0000000770380000)
 ParOldGen       total 173568K, used 88K [0x00000006c2c00000, 0x00000006cd580000, 0x000000076b980000)
  object space 173568K, 0% used [0x00000006c2c00000,0x00000006c2c16010,0x00000006cd580000)
 Metaspace       used 14969K, capacity 15160K, committed 15232K, reserved 1062912K
  class space    used 1838K, capacity 1902K, committed 1920K, reserved 1048576K
}

